Arguments: 
  /usr/local/bin/node /usr/local/bin/yarn add posthtml-img-autosize

PATH: 
  /Library/Frameworks/Python.framework/Versions/3.6/bin:/usr/local/bin:/usr/bin:/bin:/usr/sbin:/sbin:/Library/Frameworks/Mono.framework/Versions/Current/Commands

Yarn version: 
  1.3.2

Node version: 
  8.2.1

Platform: 
  darwin x64

npm manifest: 
  {
    "name": "act_template",
    "version": "1.0.0",
    "main": "index.js",
    "license": "MIT",
    "scripts": {
      "dev": "parcel index.html",
      "build": "parcel build index.html --public-url /"
    },
    "devDependencies": {
      "autoprefixer": "^7.2.3",
      "babel-polyfill": "^6.26.0",
      "babel-preset-env": "^1.6.1",
      "node-sass": "^4.5.3",
      "parcel-bundler": "^1.3.0",
      "parcel-plugin-vue": "^1.4.0",
      "postcss-modules": "^1.1.0",
      "vue-hot-reload-api": "^2.2.4",
      "vue-loader": "^13.6.1",
      "vue-style-loader": "^3.0.3",
      "vue-template-compiler": "^2.5.13"
    },
    "dependencies": {
      "vue": "^2.5.13",
      "vue-router": "^3.0.1"
    }
  }

yarn manifest: 
  No manifest

Lockfile: 
  No lockfile

Trace: 
  Error: ENOENT: no such file or directory, open '/Users/xuepengfei/work/parcel-vue/node_modules/autoprefixer/node_modules/ansi-styles/index.js'
